<?xml version="1.0" encoding="UTF-8"?>
<!-- Generated by org.testng.reporters.JUnitReportReporter -->
<testsuite hostname="zolipesys2015" name="Firsttestingpackage.FirsttestNGfile" tests="1" failures="0" timestamp="14 May 2019 07:09:52 GMT" time="5.070" errors="0">
  <testcase name="verifyHomePageTitle" time="5.070" classname="Firsttestingpackage.FirsttestNGfile"/>
</testsuite> <!-- Firsttestingpackage.FirsttestNGfile -->
