<?xml version="1.0" encoding="UTF-8"?>
<!-- Generated by org.testng.reporters.JUnitReportReporter -->
<testsuite hostname="zolipesys2015" name="com.qa.test.PostApiTest" tests="1" failures="0" timestamp="19 Jun 2019 11:41:43 GMT" time="1.494" errors="0">
  <testcase name="postApiTest" time="1.494" classname="com.qa.test.PostApiTest"/>
</testsuite> <!-- com.qa.test.PostApiTest -->
