<?xml version="1.0" encoding="UTF-8"?>
<!-- Generated by org.testng.reporters.JUnitReportReporter -->
<testsuite hostname="zolipesys2015" name="com.qa.test.GetApiTest" tests="1" failures="0" timestamp="21 Jun 2019 09:44:13 GMT" time="1.608" errors="0">
  <testcase name="getAPITestwithHeaders" time="1.608" classname="com.qa.test.GetApiTest"/>
</testsuite> <!-- com.qa.test.GetApiTest -->
