<?xml version="1.0" encoding="UTF-8"?>
<!-- Generated by org.testng.reporters.JUnitReportReporter -->
<testsuite hostname="zolipesys2015" name="com.qa.test.PostApiTest" tests="1" failures="0" timestamp="21 Jun 2019 09:51:35 GMT" time="1.619" errors="0">
  <testcase name="postApiTest" time="1.619" classname="com.qa.test.PostApiTest"/>
</testsuite> <!-- com.qa.test.PostApiTest -->
