<?xml version="1.0" encoding="UTF-8"?>
<!-- Generated by org.testng.reporters.JUnitReportReporter -->
<testsuite hostname="zolipesys2015" name="example.NewTest" tests="1" failures="0" timestamp="14 May 2019 12:04:47 GMT" time="4.491" errors="0">
  <testcase name="testEasy" time="4.491" classname="example.NewTest"/>
</testsuite> <!-- example.NewTest -->
