<?xml version="1.0" encoding="UTF-8"?>
<!-- Generated by org.testng.reporters.JUnitReportReporter -->
<testsuite hostname="zolipesys2015" name="TestTitle" tests="2" failures="0" timestamp="31 May 2019 10:31:12 GMT" time="0.404" errors="0">
  <testcase name="verifyVariable" time="0.001" classname="TestTitle"/>
  <testcase name="verifyHomeTitle" time="0.403" classname="TestTitle"/>
</testsuite> <!-- TestTitle -->
