<?xml version="1.0" encoding="UTF-8"?>
<!-- Generated by org.testng.reporters.JUnitReportReporter -->
<testsuite hostname="zolipesys2015" name="TestTitle" tests="1" failures="0" timestamp="14 May 2019 06:44:56 GMT" time="0.011" errors="0">
  <testcase name="verifyHomeTitle" time="0.011" classname="TestTitle"/>
</testsuite> <!-- TestTitle -->
