<?xml version="1.0" encoding="UTF-8"?>
<!-- Generated by org.testng.reporters.JUnitReportReporter -->
<testsuite hostname="zolipesys2015" name="firsttestpackage.NewTest" tests="2" failures="0" timestamp="28 May 2019 10:58:42 GMT" time="100.764" errors="0">
  <testcase name="loginAsTester2" time="58.687" classname="firsttestpackage.NewTest"/>
  <testcase name="verifyfunctionality1" time="42.077" classname="firsttestpackage.NewTest"/>
</testsuite> <!-- firsttestpackage.NewTest -->
