<?xml version="1.0" encoding="UTF-8"?>
<!-- Generated by org.testng.reporters.JUnitReportReporter -->
<testsuite hostname="zolipesys2015" name="getRequest.GetData" tests="2" failures="0" timestamp="3 Jun 2019 11:08:13 GMT" time="4.734" errors="0">
  <testcase name="testBody" time="3.960" classname="getRequest.GetData"/>
  <testcase name="testResponseCode" time="0.774" classname="getRequest.GetData"/>
</testsuite> <!-- getRequest.GetData -->
